<?xml version="1.0" encoding="UTF-8"?>
<testng-results ignored="0" total="1" passed="1" failed="0" skipped="0">
  <reporter-output>
  </reporter-output>
  <suite started-at="2022-09-23T11:04:33Z" name="Default suite" finished-at="2022-09-23T11:04:51Z" duration-ms="17488">
    <groups>
    </groups>
    <test started-at="2022-09-23T11:04:33Z" name="Default test" finished-at="2022-09-23T11:04:51Z" duration-ms="17488">
      <class name="com.run.AmazonTest">
        <test-method signature="launch()[pri:0, instance:com.run.AmazonTest@5d39f2d8]" started-at="2022-09-23T16:34:33Z" name="launch" finished-at="2022-09-23T16:34:51Z" duration-ms="17435" status="PASS">
          <reporter-output>
          </reporter-output>
        </test-method> <!-- launch -->
      </class> <!-- com.run.AmazonTest -->
    </test> <!-- Default test -->
  </suite> <!-- Default suite -->
</testng-results>
